Build started 7/14/2015 11:22:55 AM.
     1>Project "E:\Coding\C++1\iWoodenRocketDuck\C++WK5HW\C++WK5HW\C++WK5HW.vcxproj" on node 2 (Build target(s)).
     1>ClCompile:
         C:\Program Files (x86)\Microsoft Visual Studio 12.0\VC\bin\CL.exe /c /ZI /nologo /W3 /WX- /sdl /Od /Oy- /D WIN32 /D _DEBUG /D _CONSOLE /D _LIB /D _UNICODE /D UNICODE /Gm /EHsc /RTC1 /MDd /GS /fp:precise /Zc:wchar_t /Zc:forScope /Yc"stdafx.h" /Fp"Debug\C++WK5HW.pch" /Fo"Debug\\" /Fd"Debug\vc120.pdb" /Gd /TP /analyze- /errorReport:prompt stdafx.cpp
         stdafx.cpp
         C:\Program Files (x86)\Microsoft Visual Studio 12.0\VC\bin\CL.exe /c /ZI /nologo /W3 /WX- /sdl /Od /Oy- /D WIN32 /D _DEBUG /D _CONSOLE /D _LIB /D _UNICODE /D UNICODE /Gm /EHsc /RTC1 /MDd /GS /fp:precise /Zc:wchar_t /Zc:forScope /Yu"stdafx.h" /Fp"Debug\C++WK5HW.pch" /Fo"Debug\\" /Fd"Debug\vc120.pdb" /Gd /TP /analyze- /errorReport:prompt C++WK5HW.cpp Duck.cpp iWoodenRocketDuck.cpp Rocket.cpp RocketDuck.cpp RubberDuck.cpp Siri.cpp WoodenDuck.cpp
         WoodenDuck.cpp
         Siri.cpp
         RubberDuck.cpp
         RocketDuck.cpp
         Rocket.cpp
         iWoodenRocketDuck.cpp
         Duck.cpp
         C++WK5HW.cpp
         Generating Code...
       Link:
         C:\Program Files (x86)\Microsoft Visual Studio 12.0\VC\bin\link.exe /ERRORREPORT:PROMPT /OUT:"E:\Coding\C++1\iWoodenRocketDuck\C++WK5HW\Debug\C++WK5HW.exe" /INCREMENTAL /NOLOGO kernel32.lib user32.lib gdi32.lib winspool.lib comdlg32.lib advapi32.lib shell32.lib ole32.lib oleaut32.lib uuid.lib odbc32.lib odbccp32.lib /MANIFEST /MANIFESTUAC:"level='asInvoker' uiAccess='false'" /manifest:embed /DEBUG /PDB:"E:\Coding\C++1\iWoodenRocketDuck\C++WK5HW\Debug\C++WK5HW.pdb" /SUBSYSTEM:CONSOLE /TLBID:1 /DYNAMICBASE /NXCOMPAT /IMPLIB:"E:\Coding\C++1\iWoodenRocketDuck\C++WK5HW\Debug\C++WK5HW.lib" /MACHINE:X86 Debug\C++WK5HW.obj
         Debug\Duck.obj
         Debug\iWoodenRocketDuck.obj
         Debug\Rocket.obj
         Debug\RocketDuck.obj
         Debug\RubberDuck.obj
         Debug\Siri.obj
         Debug\stdafx.obj
         Debug\WoodenDuck.obj
         C++WK5HW.vcxproj -> E:\Coding\C++1\iWoodenRocketDuck\C++WK5HW\Debug\C++WK5HW.exe
     1>Done Building Project "E:\Coding\C++1\iWoodenRocketDuck\C++WK5HW\C++WK5HW\C++WK5HW.vcxproj" (Build target(s)).

Build succeeded.

Time Elapsed 00:00:02.74
